Determining if the pthread_create exist failed with the following output:
Change Dir: /home/mr-jp/moos-ivp-mr/CMakeFiles/CMakeTmp

Run Build Command:"/usr/bin/make" "cmTC_c8ad5/fast"
/usr/bin/make -f CMakeFiles/cmTC_c8ad5.dir/build.make CMakeFiles/cmTC_c8ad5.dir/build
make[1]: Entering directory '/home/mr-jp/moos-ivp-mr/CMakeFiles/CMakeTmp'
Building C object CMakeFiles/cmTC_c8ad5.dir/CheckSymbolExists.c.o
/usr/bin/cc    -o CMakeFiles/cmTC_c8ad5.dir/CheckSymbolExists.c.o   -c /home/mr-jp/moos-ivp-mr/CMakeFiles/CMakeTmp/CheckSymbolExists.c
Linking C executable cmTC_c8ad5
/usr/bin/cmake -E cmake_link_script CMakeFiles/cmTC_c8ad5.dir/link.txt --verbose=1
/usr/bin/cc      -rdynamic CMakeFiles/cmTC_c8ad5.dir/CheckSymbolExists.c.o  -o cmTC_c8ad5 
CMakeFiles/cmTC_c8ad5.dir/CheckSymbolExists.c.o: In function `main':
CheckSymbolExists.c:(.text+0x1b): undefined reference to `pthread_create'
collect2: error: ld returned 1 exit status
CMakeFiles/cmTC_c8ad5.dir/build.make:97: recipe for target 'cmTC_c8ad5' failed
make[1]: *** [cmTC_c8ad5] Error 1
make[1]: Leaving directory '/home/mr-jp/moos-ivp-mr/CMakeFiles/CMakeTmp'
Makefile:126: recipe for target 'cmTC_c8ad5/fast' failed
make: *** [cmTC_c8ad5/fast] Error 2

File /home/mr-jp/moos-ivp-mr/CMakeFiles/CMakeTmp/CheckSymbolExists.c:
/* */
#include <pthread.h>

int main(int argc, char** argv)
{
  (void)argv;
#ifndef pthread_create
  return ((int*)(&pthread_create))[argc];
#else
  (void)argc;
  return 0;
#endif
}

